0 verbose cli [ '/usr/bin/node',
0 verbose cli   '/usr/local/bin/npm',
0 verbose cli   'install',
0 verbose cli   '--save',
0 verbose cli   '--save-exact',
0 verbose cli   '--loglevel',
0 verbose cli   'error',
0 verbose cli   'react',
0 verbose cli   'react-dom',
0 verbose cli   'react-scripts',
0 verbose cli   'cra-template' ]
1 info using npm@7.15.1
2 info using node@v10.19.0
3 timing npm:load:whichnode Completed in 4ms
4 timing config:load:defaults Completed in 4ms
5 timing config:load:file:/usr/local/lib/node_modules/npm/npmrc Completed in 6ms
6 timing config:load:builtin Completed in 6ms
7 timing config:load:cli Completed in 8ms
8 timing config:load:env Completed in 1ms
9 timing config:load:file:/home/sagar_2001/demoproject/.npmrc Completed in 0ms
10 timing config:load:project Completed in 2ms
11 timing config:load:file:/home/sagar_2001/.npmrc Completed in 0ms
12 timing config:load:user Completed in 0ms
13 timing config:load:file:/etc/npmrc Completed in 1ms
14 timing config:load:global Completed in 1ms
15 timing config:load:validate Completed in 1ms
16 timing config:load:credentials Completed in 3ms
17 timing config:load:setEnvs Completed in 3ms
18 timing config:load Completed in 30ms
19 timing npm:load:configload Completed in 31ms
20 timing npm:load:setTitle Completed in 0ms
21 timing npm:load:setupLog Completed in 5ms
22 timing npm:load:cleanupLog Completed in 8ms
23 timing npm:load:configScope Completed in 0ms
24 timing npm:load:projectScope Completed in 1ms
25 timing npm:load Completed in 52ms
26 timing config:load:flatten Completed in 6ms
27 timing arborist:ctor Completed in 2ms
28 timing arborist:ctor Completed in 1ms
29 timing idealTree:init Completed in 47ms
30 timing idealTree:userRequests Completed in 7ms
31 silly idealTree buildDeps
32 silly fetch manifest react@*
33 http fetch GET 304 https://registry.npmjs.org/react 1162ms (from cache)
34 silly fetch manifest react-dom@*
35 http fetch GET 304 https://registry.npmjs.org/react-dom 230ms (from cache)
36 silly fetch manifest react-scripts@*
37 http fetch GET 304 https://registry.npmjs.org/react-scripts 328ms (from cache)
38 silly fetch manifest typescript@^3.2.1 || ^4
39 http fetch GET 304 https://registry.npmjs.org/typescript 266ms (from cache)
40 silly fetch manifest cra-template@*
41 http fetch GET 304 https://registry.npmjs.org/cra-template 2137ms (from cache)
42 silly placeDep ROOT cra-template@1.1.2 Symbol(OK) for: demoproject@0.1.0 want: *
43 silly placeDep ROOT react@17.0.2 Symbol(OK) for: demoproject@0.1.0 want: *
44 silly placeDep ROOT react-dom@17.0.2 Symbol(OK) for: demoproject@0.1.0 want: *
45 silly placeDep ROOT react-scripts@4.0.3 Symbol(OK) for: demoproject@0.1.0 want: *
46 silly fetch manifest loose-envify@^1.1.0
47 silly fetch manifest object-assign@^4.1.1
48 silly fetch manifest scheduler@^0.20.2
49 silly fetch manifest @babel/core@7.12.3
50 silly fetch manifest @pmmmwh/react-refresh-webpack-plugin@0.4.3
51 silly fetch manifest @svgr/webpack@5.5.0
52 silly fetch manifest @typescript-eslint/eslint-plugin@^4.5.0
53 silly fetch manifest @typescript-eslint/parser@^4.5.0
54 silly fetch manifest babel-eslint@^10.1.0
55 silly fetch manifest babel-jest@^26.6.0
56 silly fetch manifest babel-loader@8.1.0
57 silly fetch manifest babel-plugin-named-asset-import@^0.3.7
58 silly fetch manifest babel-preset-react-app@^10.0.0
59 silly fetch manifest bfj@^7.0.2
60 silly fetch manifest camelcase@^6.1.0
61 silly fetch manifest case-sensitive-paths-webpack-plugin@2.3.0
62 silly fetch manifest css-loader@4.3.0
63 silly fetch manifest dotenv@8.2.0
64 silly fetch manifest dotenv-expand@5.1.0
65 silly fetch manifest eslint@^7.11.0
66 silly fetch manifest eslint-config-react-app@^6.0.0
67 silly fetch manifest eslint-plugin-flowtype@^5.2.0
68 silly fetch manifest eslint-plugin-import@^2.22.1
69 silly fetch manifest eslint-plugin-jest@^24.1.0
70 silly fetch manifest eslint-plugin-jsx-a11y@^6.3.1
71 silly fetch manifest eslint-plugin-react@^7.21.5
72 silly fetch manifest eslint-plugin-react-hooks@^4.2.0
73 silly fetch manifest eslint-plugin-testing-library@^3.9.2
74 silly fetch manifest eslint-webpack-plugin@^2.5.2
75 silly fetch manifest file-loader@6.1.1
76 silly fetch manifest fs-extra@^9.0.1
77 silly fetch manifest html-webpack-plugin@4.5.0
78 silly fetch manifest identity-obj-proxy@3.0.0
79 silly fetch manifest jest@26.6.0
80 silly fetch manifest jest-circus@26.6.0
81 silly fetch manifest jest-resolve@26.6.0
82 silly fetch manifest jest-watch-typeahead@0.6.1
83 silly fetch manifest mini-css-extract-plugin@0.11.3
84 silly fetch manifest optimize-css-assets-webpack-plugin@5.0.4
85 silly fetch manifest pnp-webpack-plugin@1.6.4
86 silly fetch manifest postcss-flexbugs-fixes@4.2.1
87 silly fetch manifest postcss-loader@3.0.0
88 silly fetch manifest postcss-normalize@8.0.1
89 silly fetch manifest postcss-preset-env@6.7.0
90 silly fetch manifest postcss-safe-parser@5.0.2
91 silly fetch manifest prompts@2.4.0
92 silly fetch manifest react-app-polyfill@^2.0.0
93 silly fetch manifest react-dev-utils@^11.0.3
94 silly fetch manifest react-refresh@^0.8.3
95 silly fetch manifest resolve@1.18.1
96 silly fetch manifest resolve-url-loader@^3.1.2
97 silly fetch manifest sass-loader@^10.0.5
98 silly fetch manifest semver@7.3.2
99 silly fetch manifest style-loader@1.3.0
100 silly fetch manifest terser-webpack-plugin@4.2.3
101 silly fetch manifest ts-pnp@1.2.0
102 silly fetch manifest url-loader@4.1.1
103 silly fetch manifest webpack@4.44.2
104 silly fetch manifest webpack-dev-server@3.11.1
105 silly fetch manifest webpack-manifest-plugin@2.2.0
106 silly fetch manifest workbox-webpack-plugin@5.1.4
107 silly fetch manifest fsevents@^2.1.3
108 http fetch GET 304 https://registry.npmjs.org/loose-envify 460ms (from cache)
109 http fetch GET 304 https://registry.npmjs.org/eslint-plugin-flowtype 658ms (from cache)
110 http fetch GET 304 https://registry.npmjs.org/scheduler 910ms (from cache)
111 http fetch GET 304 https://registry.npmjs.org/dotenv 960ms (from cache)
112 http fetch GET 304 https://registry.npmjs.org/object-assign 993ms (from cache)
113 http fetch GET 304 https://registry.npmjs.org/bfj 1379ms (from cache)
114 http fetch GET 304 https://registry.npmjs.org/babel-jest 1389ms (from cache)
115 http fetch GET 304 https://registry.npmjs.org/babel-eslint 1392ms (from cache)
116 http fetch GET 304 https://registry.npmjs.org/@typescript-eslint%2fparser 1408ms (from cache)
117 http fetch GET 304 https://registry.npmjs.org/babel-preset-react-app 1442ms (from cache)
118 http fetch GET 304 https://registry.npmjs.org/eslint-config-react-app 1442ms (from cache)
119 http fetch GET 304 https://registry.npmjs.org/babel-loader 1457ms (from cache)
120 http fetch GET 304 https://registry.npmjs.org/eslint 1456ms (from cache)
121 http fetch GET 304 https://registry.npmjs.org/dotenv-expand 1487ms (from cache)
122 http fetch GET 304 https://registry.npmjs.org/case-sensitive-paths-webpack-plugin 1495ms (from cache)
123 http fetch GET 304 https://registry.npmjs.org/babel-plugin-named-asset-import 1502ms (from cache)
124 http fetch GET 304 https://registry.npmjs.org/@pmmmwh%2freact-refresh-webpack-plugin 1518ms (from cache)
125 http fetch GET 304 https://registry.npmjs.org/eslint-plugin-jsx-a11y 1602ms (from cache)
126 http fetch GET 304 https://registry.npmjs.org/eslint-plugin-testing-library 1606ms (from cache)
127 http fetch GET 304 https://registry.npmjs.org/fs-extra 1621ms (from cache)
128 http fetch GET 304 https://registry.npmjs.org/eslint-webpack-plugin 1632ms (from cache)
129 http fetch GET 304 https://registry.npmjs.org/identity-obj-proxy 1630ms (from cache)
130 http fetch GET 304 https://registry.npmjs.org/eslint-plugin-react 1644ms (from cache)
131 http fetch GET 304 https://registry.npmjs.org/eslint-plugin-react-hooks 1651ms (from cache)
132 http fetch GET 304 https://registry.npmjs.org/jest 1667ms (from cache)
133 http fetch GET 304 https://registry.npmjs.org/prompts 1712ms (from cache)
134 http fetch GET 304 https://registry.npmjs.org/pnp-webpack-plugin 1720ms (from cache)
135 http fetch GET 304 https://registry.npmjs.org/jest-watch-typeahead 1723ms (from cache)
136 http fetch GET 304 https://registry.npmjs.org/jest-circus 1729ms (from cache)
137 http fetch GET 304 https://registry.npmjs.org/jest-resolve 1743ms (from cache)
138 http fetch GET 304 https://registry.npmjs.org/react-refresh 1825ms (from cache)
139 http fetch GET 304 https://registry.npmjs.org/resolve 1839ms (from cache)
140 http fetch GET 304 https://registry.npmjs.org/webpack-manifest-plugin 1831ms (from cache)
141 http fetch GET 304 https://registry.npmjs.org/eslint-plugin-import 1871ms (from cache)
142 http fetch GET 304 https://registry.npmjs.org/react-app-polyfill 1859ms (from cache)
143 http fetch GET 304 https://registry.npmjs.org/ts-pnp 1851ms (from cache)
144 http fetch GET 304 https://registry.npmjs.org/@babel%2fcore 1907ms (from cache)
145 http fetch GET 304 https://registry.npmjs.org/file-loader 2002ms (from cache)
146 http fetch GET 304 https://registry.npmjs.org/css-loader 2022ms (from cache)
147 http fetch GET 304 https://registry.npmjs.org/eslint-plugin-jest 2025ms (from cache)
148 http fetch GET 304 https://registry.npmjs.org/optimize-css-assets-webpack-plugin 2023ms (from cache)
149 http fetch GET 304 https://registry.npmjs.org/camelcase 2046ms (from cache)
150 http fetch GET 304 https://registry.npmjs.org/@typescript-eslint%2feslint-plugin 2057ms (from cache)
151 http fetch GET 304 https://registry.npmjs.org/html-webpack-plugin 2036ms (from cache)
152 http fetch GET 304 https://registry.npmjs.org/postcss-loader 2132ms (from cache)
153 http fetch GET 304 https://registry.npmjs.org/postcss-normalize 2134ms (from cache)
154 http fetch GET 304 https://registry.npmjs.org/postcss-preset-env 2136ms (from cache)
155 http fetch GET 304 https://registry.npmjs.org/postcss-flexbugs-fixes 2142ms (from cache)
156 http fetch GET 304 https://registry.npmjs.org/mini-css-extract-plugin 2172ms (from cache)
157 http fetch GET 304 https://registry.npmjs.org/sass-loader 2160ms (from cache)
158 http fetch GET 304 https://registry.npmjs.org/postcss-safe-parser 2179ms (from cache)
159 http fetch GET 304 https://registry.npmjs.org/@svgr%2fwebpack 2216ms (from cache)
160 http fetch GET 304 https://registry.npmjs.org/semver 2171ms (from cache)
161 http fetch GET 304 https://registry.npmjs.org/style-loader 2174ms (from cache)
162 http fetch GET 304 https://registry.npmjs.org/url-loader 2174ms (from cache)
163 http fetch GET 304 https://registry.npmjs.org/resolve-url-loader 2182ms (from cache)
164 http fetch GET 304 https://registry.npmjs.org/terser-webpack-plugin 2184ms (from cache)
165 http fetch GET 304 https://registry.npmjs.org/webpack 2190ms (from cache)
166 http fetch GET 304 https://registry.npmjs.org/react-dev-utils 2688ms (from cache)
167 http fetch GET 304 https://registry.npmjs.org/workbox-webpack-plugin 2679ms (from cache)
168 http fetch GET 304 https://registry.npmjs.org/fsevents 2876ms (from cache)
169 http fetch GET 304 https://registry.npmjs.org/webpack-dev-server 2883ms (from cache)
170 timing idealTree:#root Completed in 7181ms
171 timing idealTree:node_modules/cra-template Completed in 0ms
172 silly placeDep ROOT loose-envify@1.4.0 Symbol(OK) for: react@17.0.2 want: ^1.1.0
173 silly placeDep ROOT object-assign@4.1.1 Symbol(OK) for: react@17.0.2 want: ^4.1.1
174 silly fetch manifest js-tokens@^3.0.0 || ^4.0.0
175 http fetch GET 304 https://registry.npmjs.org/js-tokens 270ms (from cache)
176 timing idealTree:node_modules/react Completed in 280ms
177 silly placeDep ROOT js-tokens@4.0.0 Symbol(OK) for: loose-envify@1.4.0 want: ^3.0.0 || ^4.0.0
178 timing idealTree:node_modules/loose-envify Completed in 3ms
179 timing idealTree:node_modules/js-tokens Completed in 0ms
180 timing idealTree:node_modules/object-assign Completed in 0ms
181 silly placeDep ROOT scheduler@ Symbol(OK) for: react-dom@17.0.2 want: ^0.20.2
182 timing idealTree:node_modules/react-dom Completed in 2ms
183 silly fetch manifest @types/webpack@4.x
184 http fetch GET 304 https://registry.npmjs.org/@types%2fwebpack 420ms (from cache)
185 silly fetch manifest react-refresh@>=0.8.3 <0.10.0
186 http fetch GET 304 https://registry.npmjs.org/react-refresh 266ms (from cache)
187 silly fetch manifest sockjs-client@^1.4.0
188 http fetch GET 304 https://registry.npmjs.org/sockjs-client 368ms (from cache)
189 silly fetch manifest type-fest@^0.13.1
190 http fetch GET 304 https://registry.npmjs.org/type-fest 1160ms (from cache)
191 silly fetch manifest webpack-hot-middleware@2.x
192 http fetch GET 304 https://registry.npmjs.org/webpack-hot-middleware 373ms (from cache)
193 silly fetch manifest webpack-plugin-serve@0.x || 1.x
194 http fetch GET 304 https://registry.npmjs.org/webpack-plugin-serve 302ms (from cache)
195 silly fetch manifest @babel/core@^7.0.0
196 http fetch GET 304 https://registry.npmjs.org/@babel%2fcore 288ms (from cache)
197 silly fetch manifest @babel/core@^7.1.0
198 http fetch GET 304 https://registry.npmjs.org/@babel%2fcore 369ms (from cache)
199 silly fetch manifest @typescript-eslint/eslint-plugin@^4.0.0
200 http fetch GET 304 https://registry.npmjs.org/@typescript-eslint%2feslint-plugin 690ms (from cache)
201 silly fetch manifest @typescript-eslint/eslint-plugin@>= 4
202 http fetch GET 304 https://registry.npmjs.org/@typescript-eslint%2feslint-plugin 930ms (from cache)
203 silly fetch manifest fibers@>= 3.1.0
204 http fetch GET 304 https://registry.npmjs.org/fibers 804ms (from cache)
205 silly fetch manifest node-sass@^4.0.0 || ^5.0.0 || ^6.0.0
206 http fetch GET 304 https://registry.npmjs.org/node-sass 128ms (from cache)
207 silly fetch manifest sass@^1.3.0
208 http fetch GET 304 https://registry.npmjs.org/sass 568ms (from cache)
209 silly placeDep ROOT @babel/core@ Symbol(OK) for: react-scripts@4.0.3 want: 7.12.3
210 silly placeDep ROOT @pmmmwh/react-refresh-webpack-plugin@0.4.3 Symbol(OK) for: react-scripts@4.0.3 want: 0.4.3
211 silly placeDep ROOT react-refresh@ Symbol(OK) for: @pmmmwh/react-refresh-webpack-plugin@0.4.3 want: >=0.8.3 <0.10.0
212 warn ERESOLVE overriding peer dependency
213 warn Found: [1mreact-refresh[22m@[1mundefined[22m[2m[22m
213 warn [2mnode_modules/react-refresh[22m
213 warn
213 warn Could not resolve dependency:
213 warn [35mpeer[39m [1mreact-refresh[22m@"[1m>=0.8.3 <0.10.0[22m" from [1m@pmmmwh/react-refresh-webpack-plugin[22m@[1m0.4.3[22m[2m[22m
213 warn [2mnode_modules/@pmmmwh/react-refresh-webpack-plugin[22m
213 warn   [1m@pmmmwh/react-refresh-webpack-plugin[22m@"[1m0.4.3[22m" from [1mreact-scripts[22m@[1m4.0.3[22m[2m[22m
213 warn   [2mnode_modules/react-scripts[22m
214 silly placeDep ROOT webpack@4.44.2 Symbol(OK) for: @pmmmwh/react-refresh-webpack-plugin@0.4.3 want: >=4.43.0 <6.0.0
215 silly placeDep ROOT @svgr/webpack@5.5.0 Symbol(OK) for: react-scripts@4.0.3 want: 5.5.0
216 silly placeDep ROOT @typescript-eslint/eslint-plugin@ Symbol(OK) for: react-scripts@4.0.3 want: ^4.5.0
217 silly placeDep ROOT @typescript-eslint/parser@4.28.0 Symbol(OK) for: react-scripts@4.0.3 want: ^4.5.0
218 silly placeDep ROOT eslint@7.29.0 Symbol(OK) for: @typescript-eslint/parser@4.28.0 want: ^5.0.0 || ^6.0.0 || ^7.0.0
219 silly placeDep ROOT babel-eslint@10.1.0 Symbol(OK) for: react-scripts@4.0.3 want: ^10.1.0
220 silly placeDep ROOT babel-jest@ Symbol(OK) for: react-scripts@4.0.3 want: ^26.6.0
221 silly placeDep node_modules/react-scripts babel-loader@8.1.0 Symbol(OK) for: react-scripts@4.0.3 want: 8.1.0
222 silly placeDep node_modules/react-scripts @babel/core@ Symbol(OK) for: babel-loader@8.1.0 want: ^7.0.0
223 warn ERESOLVE overriding peer dependency
224 warn Found: [1m@babel/core[22m@[1mundefined[22m[2m[22m
224 warn [2mnode_modules/react-scripts/node_modules/@babel/core[22m
224 warn
224 warn Could not resolve dependency:
224 warn [35mpeer[39m [1m@babel/core[22m@"[1m^7.0.0[22m" from [1mbabel-loader[22m@[1m8.1.0[22m[2m[22m
224 warn [2mnode_modules/react-scripts/node_modules/babel-loader[22m
224 warn   [1mbabel-loader[22m@"[1m8.1.0[22m" from [1mreact-scripts[22m@[1m4.0.3[22m[2m[22m
224 warn   [2mnode_modules/react-scripts[22m
225 silly placeDep node_modules/react-scripts babel-plugin-named-asset-import@0.3.7 Symbol(OK) for: react-scripts@4.0.3 want: ^0.3.7
226 silly placeDep node_modules/react-scripts @babel/core@ Symbol(REPLACE) for: babel-plugin-named-asset-import@0.3.7 want: ^7.1.0
227 warn ERESOLVE overriding peer dependency
228 warn Found: [1m@babel/core[22m@[1mundefined[22m[2m[22m
228 warn [2mnode_modules/react-scripts/node_modules/@babel/core[22m
228 warn
228 warn Could not resolve dependency:
228 warn [35mpeer[39m [1m@babel/core[22m@"[1m^7.1.0[22m" from [1mbabel-plugin-named-asset-import[22m@[1m0.3.7[22m[2m[22m
228 warn [2mnode_modules/react-scripts/node_modules/babel-plugin-named-asset-import[22m
228 warn   [1mbabel-plugin-named-asset-import[22m@"[1m^0.3.7[22m" from [1mreact-scripts[22m@[1m4.0.3[22m[2m[22m
228 warn   [2mnode_modules/react-scripts[22m
229 silly placeDep ROOT babel-preset-react-app@10.0.0 Symbol(OK) for: react-scripts@4.0.3 want: ^10.0.0
230 silly placeDep ROOT bfj@7.0.2 Symbol(OK) for: react-scripts@4.0.3 want: ^7.0.2
231 silly placeDep ROOT camelcase@6.2.0 Symbol(OK) for: react-scripts@4.0.3 want: ^6.1.0
232 silly placeDep ROOT case-sensitive-paths-webpack-plugin@2.3.0 Symbol(OK) for: react-scripts@4.0.3 want: 2.3.0
233 silly placeDep ROOT css-loader@4.3.0 Symbol(OK) for: react-scripts@4.0.3 want: 4.3.0
234 silly placeDep ROOT dotenv@8.2.0 Symbol(OK) for: react-scripts@4.0.3 want: 8.2.0
235 silly placeDep ROOT dotenv-expand@5.1.0 Symbol(OK) for: react-scripts@4.0.3 want: 5.1.0
236 silly placeDep node_modules/react-scripts eslint-config-react-app@6.0.0 Symbol(OK) for: react-scripts@4.0.3 want: ^6.0.0
237 silly placeDep node_modules/react-scripts @typescript-eslint/eslint-plugin@ Symbol(OK) for: eslint-config-react-app@6.0.0 want: ^4.0.0
238 warn ERESOLVE overriding peer dependency
239 warn Found: [1m@typescript-eslint/eslint-plugin[22m@[1mundefined[22m[2m[22m
239 warn [2mnode_modules/react-scripts/node_modules/@typescript-eslint/eslint-plugin[22m
239 warn
239 warn Could not resolve dependency:
239 warn [35mpeer[39m [1m@typescript-eslint/eslint-plugin[22m@"[1m^4.0.0[22m" from [1meslint-config-react-app[22m@[1m6.0.0[22m[2m[22m
239 warn [2mnode_modules/react-scripts/node_modules/eslint-config-react-app[22m
239 warn   [1meslint-config-react-app[22m@"[1m^6.0.0[22m" from [1mreact-scripts[22m@[1m4.0.3[22m[2m[22m
239 warn   [2mnode_modules/react-scripts[22m
240 silly placeDep ROOT eslint-plugin-flowtype@5.7.2 Symbol(OK) for: eslint-config-react-app@6.0.0 want: ^5.2.0
241 silly placeDep ROOT eslint-plugin-import@2.23.4 Symbol(OK) for: eslint-config-react-app@6.0.0 want: ^2.22.0
242 silly placeDep ROOT eslint-plugin-jsx-a11y@6.4.1 Symbol(OK) for: eslint-config-react-app@6.0.0 want: ^6.3.1
243 silly placeDep ROOT eslint-plugin-react@7.24.0 Symbol(OK) for: eslint-config-react-app@6.0.0 want: ^7.20.3
244 silly placeDep ROOT eslint-plugin-react-hooks@4.2.0 Symbol(OK) for: eslint-config-react-app@6.0.0 want: ^4.0.8
245 silly placeDep ROOT eslint-plugin-jest@24.3.6 Symbol(OK) for: react-scripts@4.0.3 want: ^24.1.0
246 timing idealTree Completed in 14606ms
247 timing command:install Completed in 14632ms
248 verbose stack Error: unable to resolve dependency tree
248 verbose stack     at Arborist.[failPeerConflict] (/usr/local/lib/node_modules/npm/node_modules/@npmcli/arborist/lib/arborist/build-ideal-tree.js:1210:25)
248 verbose stack     at Arborist.[placeDep] (/usr/local/lib/node_modules/npm/node_modules/@npmcli/arborist/lib/arborist/build-ideal-tree.js:1313:32)
248 verbose stack     at Arborist.[placeDep] (/usr/local/lib/node_modules/npm/node_modules/@npmcli/arborist/lib/arborist/build-ideal-tree.js:1445:41)
248 verbose stack     at tasks.sort.map (/usr/local/lib/node_modules/npm/node_modules/@npmcli/arborist/lib/arborist/build-ideal-tree.js:893:46)
248 verbose stack     at Array.map (<anonymous>)
248 verbose stack     at Arborist.[buildDepStep] (/usr/local/lib/node_modules/npm/node_modules/@npmcli/arborist/lib/arborist/build-ideal-tree.js:893:8)
249 verbose cwd /home/sagar_2001/demoproject
250 verbose Linux 5.4.72-microsoft-standard-WSL2
251 verbose argv "/usr/bin/node" "/usr/local/bin/npm" "install" "--save" "--save-exact" "--loglevel" "error" "react" "react-dom" "react-scripts" "cra-template"
252 verbose node v10.19.0
253 verbose npm  v7.15.1
254 error code ERESOLVE
255 error ERESOLVE unable to resolve dependency tree
256 error
257 error Found: [1m@typescript-eslint/eslint-plugin[22m@[1mundefined[22m[2m[22m
257 error [2mnode_modules/@typescript-eslint/eslint-plugin[22m
257 error
257 error Could not resolve dependency:
257 error peerOptional [1m@typescript-eslint/eslint-plugin[22m@"[1m>= 4[22m" from [1meslint-plugin-jest[22m@[1m24.3.6[22m[2m[22m
257 error [2mnode_modules/eslint-plugin-jest[22m
257 error   [1meslint-plugin-jest[22m@"[1m^24.1.0[22m" from [1mreact-scripts[22m@[1m4.0.3[22m[2m[22m
257 error   [2mnode_modules/react-scripts[22m
257 error     [1mreact-scripts[22m@"[1m*[22m" from the root project
257 error   peerOptional [1meslint-plugin-jest[22m@"[1m^24.0.0[22m" from [1meslint-config-react-app[22m@[1m6.0.0[22m[2m[22m
257 error   [2mnode_modules/react-scripts/node_modules/eslint-config-react-app[22m
257 error     [1meslint-config-react-app[22m@"[1m^6.0.0[22m" from [1mreact-scripts[22m@[1m4.0.3[22m[2m[22m
257 error     [2mnode_modules/react-scripts[22m
257 error       [1mreact-scripts[22m@"[1m*[22m" from the root project
257 error
257 error Fix the upstream dependency conflict, or retry
257 error this command with --force, or --legacy-peer-deps
257 error to accept an incorrect (and potentially broken) dependency resolution.
257 error
257 error See /home/sagar_2001/.npm/eresolve-report.txt for a full report.
258 verbose exit 1
