0 verbose cli [ '/usr/bin/node', '/usr/local/bin/npm', 'install' ]
1 info using npm@7.15.1
2 info using node@v10.19.0
3 timing npm:load:whichnode Completed in 3ms
4 timing config:load:defaults Completed in 2ms
5 timing config:load:file:/usr/local/lib/node_modules/npm/npmrc Completed in 3ms
6 timing config:load:builtin Completed in 3ms
7 timing config:load:cli Completed in 4ms
8 timing config:load:env Completed in 1ms
9 timing config:load:project Completed in 3ms
10 timing config:load:file:/home/sagar_2001/.npmrc Completed in 1ms
11 timing config:load:user Completed in 1ms
12 timing config:load:file:/etc/npmrc Completed in 0ms
13 timing config:load:global Completed in 0ms
14 timing config:load:validate Completed in 1ms
15 timing config:load:credentials Completed in 2ms
16 timing config:load:setEnvs Completed in 1ms
17 timing config:load Completed in 18ms
18 timing npm:load:configload Completed in 19ms
19 timing npm:load:setTitle Completed in 0ms
20 timing npm:load:setupLog Completed in 2ms
21 timing npm:load:cleanupLog Completed in 4ms
22 timing npm:load:configScope Completed in 0ms
23 timing npm:load:projectScope Completed in 1ms
24 timing npm:load Completed in 30ms
25 timing config:load:flatten Completed in 4ms
26 timing arborist:ctor Completed in 2ms
27 timing arborist:ctor Completed in 1ms
28 timing idealTree:init Completed in 45ms
29 timing idealTree:userRequests Completed in 1ms
30 silly idealTree buildDeps
31 timing idealTree:#root Completed in 1ms
32 timing idealTree:buildDeps Completed in 4ms
33 timing idealTree:fixDepFlags Completed in 0ms
34 timing idealTree Completed in 52ms
35 timing reify:loadTrees Completed in 55ms
36 timing reify:diffTrees Completed in 2ms
37 silly reify moves {}
38 timing reify:retireShallow Completed in 1ms
39 timing reify:createSparse Completed in 1ms
40 timing reify:loadBundles Completed in 0ms
41 silly audit report null
42 timing reify:unpack Completed in 1ms
43 timing reify:audit Completed in 2ms
44 timing reify:unretire Completed in 0ms
45 timing build:queue Completed in 0ms
46 timing build:deps Completed in 2ms
47 timing build Completed in 2ms
48 timing reify:build Completed in 3ms
49 timing reify:trash Completed in 0ms
50 timing reify:save Completed in 7ms
51 timing reify Completed in 113ms
52 timing command:install Completed in 119ms
53 verbose stack Error: ENOENT: no such file or directory, open '/home/sagar_2001/package.json'
54 verbose cwd /home/sagar_2001
55 verbose Linux 5.4.72-microsoft-standard-WSL2
56 verbose argv "/usr/bin/node" "/usr/local/bin/npm" "install"
57 verbose node v10.19.0
58 verbose npm  v7.15.1
59 error code ENOENT
60 error syscall open
61 error path /home/sagar_2001/package.json
62 error errno -2
63 error enoent ENOENT: no such file or directory, open '/home/sagar_2001/package.json'
64 error enoent This is related to npm not being able to find a file.
65 verbose exit -2
